Using pre-set license
Built from '2020.3/staging' branch; Version is '2020.3.35f1 (18e4db7a9996) revision 1631451'; Using compiler version '192528614'; Build Type 'Release'
OS: 'Windows 10  (10.0.19044) 64bit Professional' Language: 'ru' Physical Memory: 6020 MB
BatchMode: 1, IsHumanControllingUs: 0, StartBugReporterOnCrash: 0, Is64bit: 1, IsPro: 0

COMMAND LINE ARGUMENTS:
D:\2020.3.35f1\Editor\Unity.exe
-adb2
-batchMode
-noUpm
-name
AssetImportWorker0
-projectPath
C:/Users/User/My project (1)
-logFile
Logs/AssetImportWorker0.log
-srvPort
57747
Successfully changed project path to: C:/Users/User/My project (1)
C:/Users/User/My project (1)
Using Asset Import Pipeline V2.
Refreshing native plugins compatible for Editor in 38.39 ms, found 2 plugins.
Preloading 0 native plugins for Editor in 0.00 ms.
Initialize engine version: 2020.3.35f1 (18e4db7a9996)
[Subsystems] Discovering subsystems at path D:/2020.3.35f1/Editor/Data/Resources/UnitySubsystems
[Subsystems] Discovering subsystems at path C:/Users/User/My project (1)/Assets
GfxDevice: creating device client; threaded=0
Direct3D:
    Version:  Direct3D 11.0 [level 11.1]
    Renderer: AMD Radeon(TM) Vega 8 Graphics (ID=0x15d8)
    Vendor:   
    VRAM:     3010 MB
    Driver:   27.20.11028.10001
Initialize mono
Mono path[0] = 'D:/2020.3.35f1/Editor/Data/Managed'
Mono path[1] = 'D:/2020.3.35f1/Editor/Data/MonoBleedingEdge/lib/mono/unityjit'
Mono config path = 'D:/2020.3.35f1/Editor/Data/MonoBleedingEdge/etc'
Using monoOptions --debugger-agent=transport=dt_socket,embedding=1,server=y,suspend=n,address=127.0.0.1:56308
Begin MonoManager ReloadAssembly
Registering precompiled unity dll's ...
Register platform support module: D:/2020.3.35f1/Editor/Data/PlaybackEngines/WindowsStandaloneSupport/UnityEditor.WindowsStandalone.Extensions.dll
Registered in 0.001267 seconds.
Native extension for WindowsStandalone target not found
Refreshing native plugins compatible for Editor in 47.80 ms, found 2 plugins.
Preloading 0 native plugins for Editor in 0.00 ms.
Mono: successfully reloaded assembly
- Completed reload, in  0.759 seconds
Domain Reload Profiling:
	ReloadAssembly (759ms)
		BeginReloadAssembly (69ms)
			ExecutionOrderSort (0ms)
			DisableScriptedObjects (0ms)
			BackupInstance (0ms)
			ReleaseScriptingObjects (0ms)
			CreateAndSetChildDomain (1ms)
		EndReloadAssembly (609ms)
			LoadAssemblies (68ms)
			RebuildTransferFunctionScriptingTraits (0ms)
			SetupTypeCache (203ms)
			ReleaseScriptCaches (0ms)
			RebuildScriptCaches (40ms)
			SetupLoadedEditorAssemblies (231ms)
				LogAssemblyErrors (0ms)
				InitializePlatformSupportModulesInManaged (5ms)
				SetLoadedEditorAssemblies (0ms)
				RefreshPlugins (48ms)
				BeforeProcessingInitializeOnLoad (13ms)
				ProcessInitializeOnLoadAttributes (120ms)
				ProcessInitializeOnLoadMethodAttributes (44ms)
				AfterProcessingInitializeOnLoad (0ms)
				EditorAssembliesLoaded (0ms)
			ExecutionOrderSort2 (0ms)
			AwakeInstancesAfterBackupRestoration (0ms)
Platform modules already initialized, skipping
Registering precompiled user dll's ...
Registered in 0.003796 seconds.
Begin MonoManager ReloadAssembly
Native extension for WindowsStandalone target not found
Refreshing native plugins compatible for Editor in 0.41 ms, found 2 plugins.
Preloading 0 native plugins for Editor in 0.00 ms.
Mono: successfully reloaded assembly
- Completed reload, in  1.251 seconds
Domain Reload Profiling:
	ReloadAssembly (1252ms)
		BeginReloadAssembly (191ms)
			ExecutionOrderSort (0ms)
			DisableScriptedObjects (6ms)
			BackupInstance (0ms)
			ReleaseScriptingObjects (0ms)
			CreateAndSetChildDomain (26ms)
		EndReloadAssembly (994ms)
			LoadAssemblies (115ms)
			RebuildTransferFunctionScriptingTraits (0ms)
			SetupTypeCache (333ms)
			ReleaseScriptCaches (1ms)
			RebuildScriptCaches (73ms)
			SetupLoadedEditorAssemblies (357ms)
				LogAssemblyErrors (0ms)
				InitializePlatformSupportModulesInManaged (5ms)
				SetLoadedEditorAssemblies (1ms)
				RefreshPlugins (1ms)
				BeforeProcessingInitializeOnLoad (65ms)
				ProcessInitializeOnLoadAttributes (265ms)
				ProcessInitializeOnLoadMethodAttributes (17ms)
				AfterProcessingInitializeOnLoad (3ms)
				EditorAssembliesLoaded (0ms)
			ExecutionOrderSort2 (0ms)
			AwakeInstancesAfterBackupRestoration (2ms)
Platform modules already initialized, skipping
========================================================================
Worker process is ready to serve import requests
Launched and connected shader compiler UnityShaderCompiler.exe after 0.08 seconds
Refreshing native plugins compatible for Editor in 0.36 ms, found 2 plugins.
Preloading 0 native plugins for Editor in 0.00 ms.
Unloading 1510 Unused Serialized files (Serialized files now loaded: 0)
System memory in use before: 69.1 MB.
System memory in use after: 69.2 MB.

Unloading 16 unused Assets to reduce memory usage. Loaded Objects now: 1950.
Total: 4.944600 ms (FindLiveObjects: 0.214600 ms CreateObjectMapping: 0.073900 ms MarkObjects: 4.545200 ms  DeleteObjects: 0.109100 ms)

AssetImportParameters requested are different than current active one (requested -> active):
  custom:framework-win-MediaFoundation: 216162199b28c13a410421893ffa2e32 -> 
  custom:video-decoder-ogg-theora: a1e56fd34408186e4bbccfd4996cb3dc -> 
  custom:container-muxer-webm: aa71ff27fc2769a1b78a27578f13a17b -> 
  custom:container-demuxer-webm: 4f35f7cbe854078d1ac9338744f61a02 -> 
  custom:container-demuxer-ogg: 62fdf1f143b41e24485cea50d1cbac27 -> 
  custom:video-encoder-webm-vp8: eb34c28f22e8b96e1ab97ce403110664 -> 
  custom:video-decoder-webm-vp8: 9c59270c3fd7afecdb556c50c9e8de78 -> 
  custom:audio-decoder-ogg-vorbis: bf7c407c2cedff20999df2af8eb42d56 -> 
  custom:audio-encoder-webm-vorbis: bf7c407c2cedff20999df2af8eb42d56 -> 
========================================================================
Received Import Request.
  path: Assets/Prefabs/New Physic Material.physicMaterial
  artifactKey: Guid(d9c7d8f3868125c4f8874613497bcc2e) Importer(815301076,1909f56bfc062723c751e8b465ee728b)
Start importing Assets/Prefabs/New Physic Material.physicMaterial using Guid(d9c7d8f3868125c4f8874613497bcc2e) Importer(815301076,1909f56bfc062723c751e8b465ee728b)  -> (artifact id: 'f4b8e7ad32615ccead52605c1af1023c') in 0.062395 seconds 
========================================================================
Received Import Request.
  Time since last request: 42.402991 seconds.
  path: Assets/Tree.prefab
  artifactKey: Guid(5ca6088b6fc84ea46b20352263122357) Importer(815301076,1909f56bfc062723c751e8b465ee728b)
Start importing Assets/Tree.prefab using Guid(5ca6088b6fc84ea46b20352263122357) Importer(815301076,1909f56bfc062723c751e8b465ee728b)  -> (artifact id: 'd9d2d5aaf09f3bdd248b07a51e1a9738') in 0.377974 seconds 
========================================================================
Received Import Request.
  Time since last request: 12.113259 seconds.
  path: Assets/Tree_Textures
  artifactKey: Guid(7ce732ce0c7c53f418f381e6da44c84c) Importer(815301076,1909f56bfc062723c751e8b465ee728b)
Start importing Assets/Tree_Textures using Guid(7ce732ce0c7c53f418f381e6da44c84c) Importer(815301076,1909f56bfc062723c751e8b465ee728b)  -> (artifact id: 'b66a32f986b93e31e0a59adeb9ede873') in 0.010949 seconds 
========================================================================
Received Import Request.
  Time since last request: 9.464296 seconds.
  path: Assets/Materials/Fabric.mat
  artifactKey: Guid(f3dcd8c8b87b9204aa1c4e737562b8b6) Importer(815301076,1909f56bfc062723c751e8b465ee728b)
Start importing Assets/Materials/Fabric.mat using Guid(f3dcd8c8b87b9204aa1c4e737562b8b6) Importer(815301076,1909f56bfc062723c751e8b465ee728b)  -> (artifact id: 'b272c10e15a8cde7811336226c2b3936') in 0.057912 seconds 
========================================================================
Received Import Request.
  Time since last request: 0.000284 seconds.
  path: Assets/Materials/Remini20211111185150119 (2).mat
  artifactKey: Guid(f5bb307e3ebf8cb44866ea11228881a6) Importer(815301076,1909f56bfc062723c751e8b465ee728b)
Start importing Assets/Materials/Remini20211111185150119 (2).mat using Guid(f5bb307e3ebf8cb44866ea11228881a6) Importer(815301076,1909f56bfc062723c751e8b465ee728b)  -> (artifact id: '0f3978ff6a497cc3f63c6d72e910ba9b') in 0.030711 seconds 
========================================================================
Received Import Request.
  Time since last request: 0.000334 seconds.
  path: Assets/Materials/smoking.mat
  artifactKey: Guid(e017f37a8759f464d88d1e84eae969eb) Importer(815301076,1909f56bfc062723c751e8b465ee728b)
Start importing Assets/Materials/smoking.mat using Guid(e017f37a8759f464d88d1e84eae969eb) Importer(815301076,1909f56bfc062723c751e8b465ee728b)  -> (artifact id: 'c69bf92299c831b30653382d31a5112e') in 0.024157 seconds 
========================================================================
Received Import Request.
  Time since last request: 0.000311 seconds.
  path: Assets/Materials/Red.mat
  artifactKey: Guid(9f9b0992bf6dbd440acd38871c176176) Importer(815301076,1909f56bfc062723c751e8b465ee728b)
Start importing Assets/Materials/Red.mat using Guid(9f9b0992bf6dbd440acd38871c176176) Importer(815301076,1909f56bfc062723c751e8b465ee728b)  -> (artifact id: '55872a0c2640f963e15e29e55fa6bfd8') in 0.020884 seconds 
========================================================================
Received Import Request.
  Time since last request: 25.620750 seconds.
  path: Assets/Physics material
  artifactKey: Guid(5797a037355fab9448e0f542188fe8a3) Importer(815301076,1909f56bfc062723c751e8b465ee728b)
Start importing Assets/Physics material using Guid(5797a037355fab9448e0f542188fe8a3) Importer(815301076,1909f56bfc062723c751e8b465ee728b)  -> (artifact id: 'a3f4f4f4788d3ccc2aa0328abf395cec') in 0.010027 seconds 
========================================================================
Received Import Request.
  Time since last request: 24.019167 seconds.
  path: Assets/Physics material/Test.physicMaterial
  artifactKey: Guid(60537cc3b2e6773479afba5c24514063) Importer(815301076,1909f56bfc062723c751e8b465ee728b)
Start importing Assets/Physics material/Test.physicMaterial using Guid(60537cc3b2e6773479afba5c24514063) Importer(815301076,1909f56bfc062723c751e8b465ee728b)  -> (artifact id: 'a6fadc0061ba9ffc31cfb89cda562716') in 0.011266 seconds 
========================================================================
Received Import Request.
  Time since last request: 394.968285 seconds.
  path: Assets/Textures/boloto.jpg
  artifactKey: Guid(303da6957207f374aae6f46df1d7d8fd) Importer(815301076,1909f56bfc062723c751e8b465ee728b)
Start importing Assets/Textures/boloto.jpg using Guid(303da6957207f374aae6f46df1d7d8fd) Importer(815301076,1909f56bfc062723c751e8b465ee728b)  -> (artifact id: 'b06c4a6d55deb91c6c51d426658320ba') in 0.052964 seconds 
